2026-03-27 11:49:38,926 - aqt.main - INFO - installer 46104 aqtinstall(aqt) v3.3.0 on Python 3.11.9 [CPython MSC v.1938 64 bit (AMD64)]
2026-03-27 11:49:38,926 - aqt.helper - DEBUG - helper 46104 Attempt to download checksum at https://download.qt.io/online/qtsdkrepository/windows_x86/desktop/qt6_673/Updates.xml.sha256
2026-03-27 11:49:39,976 - aqt.main - ERROR - installer 46104 The packages ['qtnetwork'] were not found while parsing XML of package information!
==============================Suggested follow-up:==============================
* Please use 'aqt list-qt windows desktop --modules 6.7.3 <arch>' to show modules available.
2026-03-27 11:49:55,995 - aqt.main - INFO - installer 44460 aqtinstall(aqt) v3.3.0 on Python 3.11.9 [CPython MSC v.1938 64 bit (AMD64)]
2026-03-27 11:49:55,995 - aqt.helper - DEBUG - helper 44460 Attempt to download checksum at https://download.qt.io/online/qtsdkrepository/windows_x86/desktop/qt6_673/Updates.xml.sha256
2026-03-27 11:49:59,396 - aqt.helper - DEBUG - helper 42820 Attempt to download checksum at https://download.qt.io/online/qtsdkrepository/windows_x86/desktop/qt6_673/qt.qt6.673.win64_msvc2019_64/6.7.3-0-202409200836qtbase-Windows-Windows_10_22H2-MSVC2019-Windows-Windows_10_22H2-X86_64.7z.sha256
2026-03-27 11:49:59,414 - aqt.helper - DEBUG - helper 19088 Attempt to download checksum at https://download.qt.io/online/qtsdkrepository/windows_x86/desktop/qt6_673/qt.qt6.673.win64_msvc2019_64/6.7.3-0-202409200836qtsvg-Windows-Windows_10_22H2-MSVC2019-Windows-Windows_10_22H2-X86_64.7z.sha256
2026-03-27 11:49:59,414 - aqt.helper - DEBUG - helper 52184 Attempt to download checksum at https://download.qt.io/online/qtsdkrepository/windows_x86/desktop/qt6_673/qt.qt6.673.win64_msvc2019_64/6.7.3-0-202409200836qtdeclarative-Windows-Windows_10_22H2-MSVC2019-Windows-Windows_10_22H2-X86_64.7z.sha256
2026-03-27 11:49:59,430 - aqt.helper - DEBUG - helper 47368 Attempt to download checksum at https://download.qt.io/online/qtsdkrepository/windows_x86/desktop/qt6_673/qt.qt6.673.win64_msvc2019_64/6.7.3-0-202409200836qttools-Windows-Windows_10_22H2-MSVC2019-Windows-Windows_10_22H2-X86_64.7z.sha256
2026-03-27 11:49:59,797 - aqt.helper - INFO - helper 42820 Downloading qtbase...
2026-03-27 11:49:59,797 - aqt.installer - DEBUG - installer 42820 Download URL: https://download.qt.io/online/qtsdkrepository/windows_x86/desktop/qt6_673/qt.qt6.673.win64_msvc2019_64/6.7.3-0-202409200836qtbase-Windows-Windows_10_22H2-MSVC2019-Windows-Windows_10_22H2-X86_64.7z
2026-03-27 11:49:59,811 - aqt.helper - INFO - helper 19088 Downloading qtsvg...
2026-03-27 11:49:59,811 - aqt.installer - DEBUG - installer 19088 Download URL: https://download.qt.io/online/qtsdkrepository/windows_x86/desktop/qt6_673/qt.qt6.673.win64_msvc2019_64/6.7.3-0-202409200836qtsvg-Windows-Windows_10_22H2-MSVC2019-Windows-Windows_10_22H2-X86_64.7z
2026-03-27 11:49:59,823 - aqt.helper - INFO - helper 52184 Downloading qtdeclarative...
2026-03-27 11:49:59,824 - aqt.installer - DEBUG - installer 52184 Download URL: https://download.qt.io/online/qtsdkrepository/windows_x86/desktop/qt6_673/qt.qt6.673.win64_msvc2019_64/6.7.3-0-202409200836qtdeclarative-Windows-Windows_10_22H2-MSVC2019-Windows-Windows_10_22H2-X86_64.7z
2026-03-27 11:49:59,834 - aqt.helper - INFO - helper 47368 Downloading qttools...
2026-03-27 11:49:59,834 - aqt.installer - DEBUG - installer 47368 Download URL: https://download.qt.io/online/qtsdkrepository/windows_x86/desktop/qt6_673/qt.qt6.673.win64_msvc2019_64/6.7.3-0-202409200836qttools-Windows-Windows_10_22H2-MSVC2019-Windows-Windows_10_22H2-X86_64.7z
2026-03-27 11:50:00,183 - aqt.helper - DEBUG - helper 42820 Asked to redirect(302) to: https://www.nic.funet.fi/pub/mirrors/download.qt-project.org/online/qtsdkrepository/windows_x86/desktop/qt6_673/qt.qt6.673.win64_msvc2019_64/6.7.3-0-202409200836qtbase-Windows-Windows_10_22H2-MSVC2019-Windows-Windows_10_22H2-X86_64.7z
2026-03-27 11:50:00,183 - aqt.helper - INFO - helper 42820 Redirected: www.nic.funet.fi
2026-03-27 11:50:00,208 - aqt.helper - DEBUG - helper 47368 Asked to redirect(302) to: https://www.nic.funet.fi/pub/mirrors/download.qt-project.org/online/qtsdkrepository/windows_x86/desktop/qt6_673/qt.qt6.673.win64_msvc2019_64/6.7.3-0-202409200836qttools-Windows-Windows_10_22H2-MSVC2019-Windows-Windows_10_22H2-X86_64.7z
2026-03-27 11:50:00,208 - aqt.helper - INFO - helper 47368 Redirected: www.nic.funet.fi
2026-03-27 11:50:00,209 - aqt.helper - DEBUG - helper 19088 Asked to redirect(302) to: https://www.nic.funet.fi/pub/mirrors/download.qt-project.org/online/qtsdkrepository/windows_x86/desktop/qt6_673/qt.qt6.673.win64_msvc2019_64/6.7.3-0-202409200836qtsvg-Windows-Windows_10_22H2-MSVC2019-Windows-Windows_10_22H2-X86_64.7z
2026-03-27 11:50:00,210 - aqt.helper - INFO - helper 19088 Redirected: www.nic.funet.fi
2026-03-27 11:50:00,217 - aqt.helper - DEBUG - helper 52184 Asked to redirect(302) to: https://www.nic.funet.fi/pub/mirrors/download.qt-project.org/online/qtsdkrepository/windows_x86/desktop/qt6_673/qt.qt6.673.win64_msvc2019_64/6.7.3-0-202409200836qtdeclarative-Windows-Windows_10_22H2-MSVC2019-Windows-Windows_10_22H2-X86_64.7z
2026-03-27 11:50:00,217 - aqt.helper - INFO - helper 52184 Redirected: www.nic.funet.fi
2026-03-27 11:50:01,641 - aqt.installer - INFO - installer 19088 Finished installation of qtsvg-Windows-Windows_10_22H2-MSVC2019-Windows-Windows_10_22H2-X86_64.7z in 2.23024040
2026-03-27 11:50:01,651 - aqt.helper - DEBUG - helper 19088 Attempt to download checksum at https://download.qt.io/online/qtsdkrepository/windows_x86/desktop/qt6_673/qt.qt6.673.win64_msvc2019_64/6.7.3-0-202409200836qttranslations-Windows-Windows_10_22H2-MSVC2019-Windows-Windows_10_22H2-X86_64.7z.sha256
2026-03-27 11:50:02,065 - aqt.helper - INFO - helper 19088 Downloading qttranslations...
2026-03-27 11:50:02,065 - aqt.installer - DEBUG - installer 19088 Download URL: https://download.qt.io/online/qtsdkrepository/windows_x86/desktop/qt6_673/qt.qt6.673.win64_msvc2019_64/6.7.3-0-202409200836qttranslations-Windows-Windows_10_22H2-MSVC2019-Windows-Windows_10_22H2-X86_64.7z
2026-03-27 11:50:02,455 - aqt.helper - DEBUG - helper 19088 Asked to redirect(302) to: https://www.nic.funet.fi/pub/mirrors/download.qt-project.org/online/qtsdkrepository/windows_x86/desktop/qt6_673/qt.qt6.673.win64_msvc2019_64/6.7.3-0-202409200836qttranslations-Windows-Windows_10_22H2-MSVC2019-Windows-Windows_10_22H2-X86_64.7z
2026-03-27 11:50:02,455 - aqt.helper - INFO - helper 19088 Redirected: www.nic.funet.fi
2026-03-27 11:50:04,185 - aqt.installer - INFO - installer 19088 Finished installation of qttranslations-Windows-Windows_10_22H2-MSVC2019-Windows-Windows_10_22H2-X86_64.7z in 2.52701500
2026-03-27 11:50:04,203 - aqt.helper - DEBUG - helper 19088 Attempt to download checksum at https://download.qt.io/online/qtsdkrepository/windows_x86/desktop/qt6_673/qt.qt6.673.win64_msvc2019_64/6.7.3-0-202409200836d3dcompiler_47-x64.7z.sha256
2026-03-27 11:50:04,627 - aqt.helper - INFO - helper 19088 Downloading d3dcompiler_47...
2026-03-27 11:50:04,627 - aqt.installer - DEBUG - installer 19088 Download URL: https://download.qt.io/online/qtsdkrepository/windows_x86/desktop/qt6_673/qt.qt6.673.win64_msvc2019_64/6.7.3-0-202409200836d3dcompiler_47-x64.7z
2026-03-27 11:50:05,089 - aqt.helper - DEBUG - helper 19088 Asked to redirect(302) to: https://www.nic.funet.fi/pub/mirrors/download.qt-project.org/online/qtsdkrepository/windows_x86/desktop/qt6_673/qt.qt6.673.win64_msvc2019_64/6.7.3-0-202409200836d3dcompiler_47-x64.7z
2026-03-27 11:50:05,090 - aqt.helper - INFO - helper 19088 Redirected: www.nic.funet.fi
2026-03-27 11:50:06,346 - aqt.installer - INFO - installer 19088 Finished installation of d3dcompiler_47-x64.7z in 2.15179010
2026-03-27 11:50:06,362 - aqt.helper - DEBUG - helper 19088 Attempt to download checksum at https://download.qt.io/online/qtsdkrepository/windows_x86/desktop/qt6_673/qt.qt6.673.win64_msvc2019_64/6.7.3-0-202409200836opengl32sw-64-mesa_11_2_2-signed_sha256.7z.sha256
2026-03-27 11:50:06,759 - aqt.helper - INFO - helper 19088 Downloading opengl32sw...
2026-03-27 11:50:06,759 - aqt.installer - DEBUG - installer 19088 Download URL: https://download.qt.io/online/qtsdkrepository/windows_x86/desktop/qt6_673/qt.qt6.673.win64_msvc2019_64/6.7.3-0-202409200836opengl32sw-64-mesa_11_2_2-signed_sha256.7z
2026-03-27 11:50:07,174 - aqt.helper - DEBUG - helper 19088 Asked to redirect(302) to: https://www.nic.funet.fi/pub/mirrors/download.qt-project.org/online/qtsdkrepository/windows_x86/desktop/qt6_673/qt.qt6.673.win64_msvc2019_64/6.7.3-0-202409200836opengl32sw-64-mesa_11_2_2-signed_sha256.7z
2026-03-27 11:50:07,174 - aqt.helper - INFO - helper 19088 Redirected: www.nic.funet.fi
2026-03-27 11:50:09,440 - aqt.installer - INFO - installer 19088 Finished installation of opengl32sw-64-mesa_11_2_2-signed_sha256.7z in 3.07263470
2026-03-27 11:50:10,268 - aqt.installer - INFO - installer 47368 Finished installation of qttools-Windows-Windows_10_22H2-MSVC2019-Windows-Windows_10_22H2-X86_64.7z in 10.84563590
2026-03-27 11:50:14,911 - aqt.installer - INFO - installer 42820 Finished installation of qtbase-Windows-Windows_10_22H2-MSVC2019-Windows-Windows_10_22H2-X86_64.7z in 15.50950160
2026-03-27 11:51:00,114 - aqt.installer - INFO - installer 52184 Finished installation of qtdeclarative-Windows-Windows_10_22H2-MSVC2019-Windows-Windows_10_22H2-X86_64.7z in 60.71260230
2026-03-27 11:51:00,514 - aqt.updater - INFO - updater 44460 Patching E:\Qt\6.7.3\msvc2019_64\bin\qmake.exe
2026-03-27 11:51:00,531 - aqt.updater - INFO - updater 44460 Patching E:\Qt\6.7.3\msvc2019_64\lib\Qt6Concurrent.prl
2026-03-27 11:51:00,542 - aqt.updater - INFO - updater 44460 Patching E:\Qt\6.7.3\msvc2019_64\lib\Qt6Concurrentd.prl
2026-03-27 11:51:00,552 - aqt.updater - INFO - updater 44460 Patching E:\Qt\6.7.3\msvc2019_64\lib\Qt6Core.prl
2026-03-27 11:51:00,556 - aqt.updater - INFO - updater 44460 Patching E:\Qt\6.7.3\msvc2019_64\lib\Qt6Cored.prl
2026-03-27 11:51:00,566 - aqt.updater - INFO - updater 44460 Patching E:\Qt\6.7.3\msvc2019_64\lib\Qt6DBus.prl
2026-03-27 11:51:00,582 - aqt.updater - INFO - updater 44460 Patching E:\Qt\6.7.3\msvc2019_64\lib\Qt6DBusd.prl
2026-03-27 11:51:00,593 - aqt.updater - INFO - updater 44460 Patching E:\Qt\6.7.3\msvc2019_64\lib\Qt6Designer.prl
2026-03-27 11:51:00,603 - aqt.updater - INFO - updater 44460 Patching E:\Qt\6.7.3\msvc2019_64\lib\Qt6DesignerComponents.prl
2026-03-27 11:51:00,614 - aqt.updater - INFO - updater 44460 Patching E:\Qt\6.7.3\msvc2019_64\lib\Qt6DesignerComponentsd.prl
2026-03-27 11:51:00,624 - aqt.updater - INFO - updater 44460 Patching E:\Qt\6.7.3\msvc2019_64\lib\Qt6Designerd.prl
2026-03-27 11:51:00,634 - aqt.updater - INFO - updater 44460 Patching E:\Qt\6.7.3\msvc2019_64\lib\Qt6DeviceDiscoverySupport.prl
2026-03-27 11:51:00,644 - aqt.updater - INFO - updater 44460 Patching E:\Qt\6.7.3\msvc2019_64\lib\Qt6DeviceDiscoverySupportd.prl
2026-03-27 11:51:00,654 - aqt.updater - INFO - updater 44460 Patching E:\Qt\6.7.3\msvc2019_64\lib\Qt6EntryPoint.prl
2026-03-27 11:51:00,664 - aqt.updater - INFO - updater 44460 Patching E:\Qt\6.7.3\msvc2019_64\lib\Qt6EntryPointd.prl
2026-03-27 11:51:00,675 - aqt.updater - INFO - updater 44460 Patching E:\Qt\6.7.3\msvc2019_64\lib\Qt6ExampleIcons.prl
2026-03-27 11:51:00,684 - aqt.updater - INFO - updater 44460 Patching E:\Qt\6.7.3\msvc2019_64\lib\Qt6ExampleIconsd.prl
2026-03-27 11:51:00,696 - aqt.updater - INFO - updater 44460 Patching E:\Qt\6.7.3\msvc2019_64\lib\Qt6FbSupport.prl
2026-03-27 11:51:00,706 - aqt.updater - INFO - updater 44460 Patching E:\Qt\6.7.3\msvc2019_64\lib\Qt6FbSupportd.prl
2026-03-27 11:51:00,716 - aqt.updater - INFO - updater 44460 Patching E:\Qt\6.7.3\msvc2019_64\lib\Qt6Gui.prl
2026-03-27 11:51:00,727 - aqt.updater - INFO - updater 44460 Patching E:\Qt\6.7.3\msvc2019_64\lib\Qt6Guid.prl
2026-03-27 11:51:00,729 - aqt.updater - INFO - updater 44460 Patching E:\Qt\6.7.3\msvc2019_64\lib\Qt6Help.prl
2026-03-27 11:51:00,747 - aqt.updater - INFO - updater 44460 Patching E:\Qt\6.7.3\msvc2019_64\lib\Qt6Helpd.prl
2026-03-27 11:51:00,753 - aqt.updater - INFO - updater 44460 Patching E:\Qt\6.7.3\msvc2019_64\lib\Qt6LabsAnimation.prl
2026-03-27 11:51:00,767 - aqt.updater - INFO - updater 44460 Patching E:\Qt\6.7.3\msvc2019_64\lib\Qt6LabsAnimationd.prl
2026-03-27 11:51:00,773 - aqt.updater - INFO - updater 44460 Patching E:\Qt\6.7.3\msvc2019_64\lib\Qt6LabsFolderListModel.prl
2026-03-27 11:51:00,786 - aqt.updater - INFO - updater 44460 Patching E:\Qt\6.7.3\msvc2019_64\lib\Qt6LabsFolderListModeld.prl
2026-03-27 11:51:00,796 - aqt.updater - INFO - updater 44460 Patching E:\Qt\6.7.3\msvc2019_64\lib\Qt6LabsQmlModels.prl
2026-03-27 11:51:00,796 - aqt.updater - INFO - updater 44460 Patching E:\Qt\6.7.3\msvc2019_64\lib\Qt6LabsQmlModelsd.prl
2026-03-27 11:51:00,816 - aqt.updater - INFO - updater 44460 Patching E:\Qt\6.7.3\msvc2019_64\lib\Qt6LabsSettings.prl
2026-03-27 11:51:00,826 - aqt.updater - INFO - updater 44460 Patching E:\Qt\6.7.3\msvc2019_64\lib\Qt6LabsSettingsd.prl
2026-03-27 11:51:00,837 - aqt.updater - INFO - updater 44460 Patching E:\Qt\6.7.3\msvc2019_64\lib\Qt6LabsSharedImage.prl
2026-03-27 11:51:00,848 - aqt.updater - INFO - updater 44460 Patching E:\Qt\6.7.3\msvc2019_64\lib\Qt6LabsSharedImaged.prl
2026-03-27 11:51:00,859 - aqt.updater - INFO - updater 44460 Patching E:\Qt\6.7.3\msvc2019_64\lib\Qt6LabsWavefrontMesh.prl
2026-03-27 11:51:00,866 - aqt.updater - INFO - updater 44460 Patching E:\Qt\6.7.3\msvc2019_64\lib\Qt6LabsWavefrontMeshd.prl
2026-03-27 11:51:00,881 - aqt.updater - INFO - updater 44460 Patching E:\Qt\6.7.3\msvc2019_64\lib\Qt6Network.prl
2026-03-27 11:51:00,893 - aqt.updater - INFO - updater 44460 Patching E:\Qt\6.7.3\msvc2019_64\lib\Qt6Networkd.prl
2026-03-27 11:51:00,903 - aqt.updater - INFO - updater 44460 Patching E:\Qt\6.7.3\msvc2019_64\lib\Qt6OpenGL.prl
2026-03-27 11:51:00,921 - aqt.updater - INFO - updater 44460 Patching E:\Qt\6.7.3\msvc2019_64\lib\Qt6OpenGLd.prl
2026-03-27 11:51:00,933 - aqt.updater - INFO - updater 44460 Patching E:\Qt\6.7.3\msvc2019_64\lib\Qt6OpenGLWidgets.prl
2026-03-27 11:51:00,944 - aqt.updater - INFO - updater 44460 Patching E:\Qt\6.7.3\msvc2019_64\lib\Qt6OpenGLWidgetsd.prl
2026-03-27 11:51:00,957 - aqt.updater - INFO - updater 44460 Patching E:\Qt\6.7.3\msvc2019_64\lib\Qt6PacketProtocol.prl
2026-03-27 11:51:00,970 - aqt.updater - INFO - updater 44460 Patching E:\Qt\6.7.3\msvc2019_64\lib\Qt6PacketProtocold.prl
2026-03-27 11:51:00,981 - aqt.updater - INFO - updater 44460 Patching E:\Qt\6.7.3\msvc2019_64\lib\Qt6PrintSupport.prl
2026-03-27 11:51:00,993 - aqt.updater - INFO - updater 44460 Patching E:\Qt\6.7.3\msvc2019_64\lib\Qt6PrintSupportd.prl
2026-03-27 11:51:01,006 - aqt.updater - INFO - updater 44460 Patching E:\Qt\6.7.3\msvc2019_64\lib\Qt6Qml.prl
2026-03-27 11:51:01,014 - aqt.updater - INFO - updater 44460 Patching E:\Qt\6.7.3\msvc2019_64\lib\Qt6QmlBuiltins.prl
2026-03-27 11:51:01,028 - aqt.updater - INFO - updater 44460 Patching E:\Qt\6.7.3\msvc2019_64\lib\Qt6QmlBuiltinsd.prl
2026-03-27 11:51:01,037 - aqt.updater - INFO - updater 44460 Patching E:\Qt\6.7.3\msvc2019_64\lib\Qt6QmlCompiler.prl
2026-03-27 11:51:01,048 - aqt.updater - INFO - updater 44460 Patching E:\Qt\6.7.3\msvc2019_64\lib\Qt6QmlCompilerd.prl
2026-03-27 11:51:01,059 - aqt.updater - INFO - updater 44460 Patching E:\Qt\6.7.3\msvc2019_64\lib\Qt6QmlCore.prl
2026-03-27 11:51:01,063 - aqt.updater - INFO - updater 44460 Patching E:\Qt\6.7.3\msvc2019_64\lib\Qt6QmlCored.prl
2026-03-27 11:51:01,080 - aqt.updater - INFO - updater 44460 Patching E:\Qt\6.7.3\msvc2019_64\lib\Qt6Qmld.prl
2026-03-27 11:51:01,088 - aqt.updater - INFO - updater 44460 Patching E:\Qt\6.7.3\msvc2019_64\lib\Qt6QmlDebug.prl
2026-03-27 11:51:01,099 - aqt.updater - INFO - updater 44460 Patching E:\Qt\6.7.3\msvc2019_64\lib\Qt6QmlDebugd.prl
2026-03-27 11:51:01,109 - aqt.updater - INFO - updater 44460 Patching E:\Qt\6.7.3\msvc2019_64\lib\Qt6QmlDom.prl
2026-03-27 11:51:01,116 - aqt.updater - INFO - updater 44460 Patching E:\Qt\6.7.3\msvc2019_64\lib\Qt6QmlDomd.prl
2026-03-27 11:51:01,130 - aqt.updater - INFO - updater 44460 Patching E:\Qt\6.7.3\msvc2019_64\lib\Qt6QmlLocalStorage.prl
2026-03-27 11:51:01,140 - aqt.updater - INFO - updater 44460 Patching E:\Qt\6.7.3\msvc2019_64\lib\Qt6QmlLocalStoraged.prl
2026-03-27 11:51:01,142 - aqt.updater - INFO - updater 44460 Patching E:\Qt\6.7.3\msvc2019_64\lib\Qt6QmlLS.prl
2026-03-27 11:51:01,162 - aqt.updater - INFO - updater 44460 Patching E:\Qt\6.7.3\msvc2019_64\lib\Qt6QmlLSd.prl
2026-03-27 11:51:01,174 - aqt.updater - INFO - updater 44460 Patching E:\Qt\6.7.3\msvc2019_64\lib\Qt6QmlModels.prl
2026-03-27 11:51:01,184 - aqt.updater - INFO - updater 44460 Patching E:\Qt\6.7.3\msvc2019_64\lib\Qt6QmlModelsd.prl
2026-03-27 11:51:01,194 - aqt.updater - INFO - updater 44460 Patching E:\Qt\6.7.3\msvc2019_64\lib\Qt6QmlNetwork.prl
2026-03-27 11:51:01,204 - aqt.updater - INFO - updater 44460 Patching E:\Qt\6.7.3\msvc2019_64\lib\Qt6QmlNetworkd.prl
2026-03-27 11:51:01,213 - aqt.updater - INFO - updater 44460 Patching E:\Qt\6.7.3\msvc2019_64\lib\Qt6QmlToolingSettings.prl
2026-03-27 11:51:01,225 - aqt.updater - INFO - updater 44460 Patching E:\Qt\6.7.3\msvc2019_64\lib\Qt6QmlToolingSettingsd.prl
2026-03-27 11:51:01,235 - aqt.updater - INFO - updater 44460 Patching E:\Qt\6.7.3\msvc2019_64\lib\Qt6QmlTypeRegistrar.prl
2026-03-27 11:51:01,245 - aqt.updater - INFO - updater 44460 Patching E:\Qt\6.7.3\msvc2019_64\lib\Qt6QmlTypeRegistrard.prl
2026-03-27 11:51:01,256 - aqt.updater - INFO - updater 44460 Patching E:\Qt\6.7.3\msvc2019_64\lib\Qt6QmlWorkerScript.prl
2026-03-27 11:51:01,261 - aqt.updater - INFO - updater 44460 Patching E:\Qt\6.7.3\msvc2019_64\lib\Qt6QmlWorkerScriptd.prl
2026-03-27 11:51:01,277 - aqt.updater - INFO - updater 44460 Patching E:\Qt\6.7.3\msvc2019_64\lib\Qt6QmlXmlListModel.prl
2026-03-27 11:51:01,287 - aqt.updater - INFO - updater 44460 Patching E:\Qt\6.7.3\msvc2019_64\lib\Qt6QmlXmlListModeld.prl
2026-03-27 11:51:01,298 - aqt.updater - INFO - updater 44460 Patching E:\Qt\6.7.3\msvc2019_64\lib\Qt6Quick.prl
2026-03-27 11:51:01,307 - aqt.updater - INFO - updater 44460 Patching E:\Qt\6.7.3\msvc2019_64\lib\Qt6QuickControls2.prl
2026-03-27 11:51:01,317 - aqt.updater - INFO - updater 44460 Patching E:\Qt\6.7.3\msvc2019_64\lib\Qt6QuickControls2Basic.prl
2026-03-27 11:51:01,326 - aqt.updater - INFO - updater 44460 Patching E:\Qt\6.7.3\msvc2019_64\lib\Qt6QuickControls2Basicd.prl
2026-03-27 11:51:01,334 - aqt.updater - INFO - updater 44460 Patching E:\Qt\6.7.3\msvc2019_64\lib\Qt6QuickControls2BasicStyleImpl.prl
2026-03-27 11:51:01,347 - aqt.updater - INFO - updater 44460 Patching E:\Qt\6.7.3\msvc2019_64\lib\Qt6QuickControls2BasicStyleImpld.prl
2026-03-27 11:51:01,358 - aqt.updater - INFO - updater 44460 Patching E:\Qt\6.7.3\msvc2019_64\lib\Qt6QuickControls2d.prl
2026-03-27 11:51:01,367 - aqt.updater - INFO - updater 44460 Patching E:\Qt\6.7.3\msvc2019_64\lib\Qt6QuickControls2Fusion.prl
2026-03-27 11:51:01,377 - aqt.updater - INFO - updater 44460 Patching E:\Qt\6.7.3\msvc2019_64\lib\Qt6QuickControls2Fusiond.prl
2026-03-27 11:51:01,385 - aqt.updater - INFO - updater 44460 Patching E:\Qt\6.7.3\msvc2019_64\lib\Qt6QuickControls2FusionStyleImpl.prl
2026-03-27 11:51:01,396 - aqt.updater - INFO - updater 44460 Patching E:\Qt\6.7.3\msvc2019_64\lib\Qt6QuickControls2FusionStyleImpld.prl
2026-03-27 11:51:01,406 - aqt.updater - INFO - updater 44460 Patching E:\Qt\6.7.3\msvc2019_64\lib\Qt6QuickControls2Imagine.prl
2026-03-27 11:51:01,411 - aqt.updater - INFO - updater 44460 Patching E:\Qt\6.7.3\msvc2019_64\lib\Qt6QuickControls2Imagined.prl
2026-03-27 11:51:01,425 - aqt.updater - INFO - updater 44460 Patching E:\Qt\6.7.3\msvc2019_64\lib\Qt6QuickControls2ImagineStyleImpl.prl
2026-03-27 11:51:01,435 - aqt.updater - INFO - updater 44460 Patching E:\Qt\6.7.3\msvc2019_64\lib\Qt6QuickControls2ImagineStyleImpld.prl
2026-03-27 11:51:01,437 - aqt.updater - INFO - updater 44460 Patching E:\Qt\6.7.3\msvc2019_64\lib\Qt6QuickControls2Impl.prl
2026-03-27 11:51:01,455 - aqt.updater - INFO - updater 44460 Patching E:\Qt\6.7.3\msvc2019_64\lib\Qt6QuickControls2Impld.prl
2026-03-27 11:51:01,463 - aqt.updater - INFO - updater 44460 Patching E:\Qt\6.7.3\msvc2019_64\lib\Qt6QuickControls2Material.prl
2026-03-27 11:51:01,473 - aqt.updater - INFO - updater 44460 Patching E:\Qt\6.7.3\msvc2019_64\lib\Qt6QuickControls2Materiald.prl
2026-03-27 11:51:01,483 - aqt.updater - INFO - updater 44460 Patching E:\Qt\6.7.3\msvc2019_64\lib\Qt6QuickControls2MaterialStyleImpl.prl
2026-03-27 11:51:01,488 - aqt.updater - INFO - updater 44460 Patching E:\Qt\6.7.3\msvc2019_64\lib\Qt6QuickControls2MaterialStyleImpld.prl
2026-03-27 11:51:01,503 - aqt.updater - INFO - updater 44460 Patching E:\Qt\6.7.3\msvc2019_64\lib\Qt6QuickControls2Universal.prl
2026-03-27 11:51:01,511 - aqt.updater - INFO - updater 44460 Patching E:\Qt\6.7.3\msvc2019_64\lib\Qt6QuickControls2Universald.prl
2026-03-27 11:51:01,523 - aqt.updater - INFO - updater 44460 Patching E:\Qt\6.7.3\msvc2019_64\lib\Qt6QuickControls2UniversalStyleImpl.prl
2026-03-27 11:51:01,532 - aqt.updater - INFO - updater 44460 Patching E:\Qt\6.7.3\msvc2019_64\lib\Qt6QuickControls2UniversalStyleImpld.prl
2026-03-27 11:51:01,542 - aqt.updater - INFO - updater 44460 Patching E:\Qt\6.7.3\msvc2019_64\lib\Qt6QuickControls2WindowsStyleImpl.prl
2026-03-27 11:51:01,553 - aqt.updater - INFO - updater 44460 Patching E:\Qt\6.7.3\msvc2019_64\lib\Qt6QuickControls2WindowsStyleImpld.prl
2026-03-27 11:51:01,561 - aqt.updater - INFO - updater 44460 Patching E:\Qt\6.7.3\msvc2019_64\lib\Qt6QuickControlsTestUtils.prl
2026-03-27 11:51:01,572 - aqt.updater - INFO - updater 44460 Patching E:\Qt\6.7.3\msvc2019_64\lib\Qt6QuickControlsTestUtilsd.prl
2026-03-27 11:51:01,583 - aqt.updater - INFO - updater 44460 Patching E:\Qt\6.7.3\msvc2019_64\lib\Qt6Quickd.prl
2026-03-27 11:51:01,593 - aqt.updater - INFO - updater 44460 Patching E:\Qt\6.7.3\msvc2019_64\lib\Qt6QuickDialogs2.prl
2026-03-27 11:51:01,602 - aqt.updater - INFO - updater 44460 Patching E:\Qt\6.7.3\msvc2019_64\lib\Qt6QuickDialogs2d.prl
2026-03-27 11:51:01,610 - aqt.updater - INFO - updater 44460 Patching E:\Qt\6.7.3\msvc2019_64\lib\Qt6QuickDialogs2QuickImpl.prl
2026-03-27 11:51:01,622 - aqt.updater - INFO - updater 44460 Patching E:\Qt\6.7.3\msvc2019_64\lib\Qt6QuickDialogs2QuickImpld.prl
2026-03-27 11:51:01,631 - aqt.updater - INFO - updater 44460 Patching E:\Qt\6.7.3\msvc2019_64\lib\Qt6QuickDialogs2Utils.prl
2026-03-27 11:51:01,642 - aqt.updater - INFO - updater 44460 Patching E:\Qt\6.7.3\msvc2019_64\lib\Qt6QuickDialogs2Utilsd.prl
2026-03-27 11:51:01,647 - aqt.updater - INFO - updater 44460 Patching E:\Qt\6.7.3\msvc2019_64\lib\Qt6QuickEffects.prl
2026-03-27 11:51:01,660 - aqt.updater - INFO - updater 44460 Patching E:\Qt\6.7.3\msvc2019_64\lib\Qt6QuickEffectsd.prl
2026-03-27 11:51:01,670 - aqt.updater - INFO - updater 44460 Patching E:\Qt\6.7.3\msvc2019_64\lib\Qt6QuickLayouts.prl
2026-03-27 11:51:01,673 - aqt.updater - INFO - updater 44460 Patching E:\Qt\6.7.3\msvc2019_64\lib\Qt6QuickLayoutsd.prl
2026-03-27 11:51:01,687 - aqt.updater - INFO - updater 44460 Patching E:\Qt\6.7.3\msvc2019_64\lib\Qt6QuickParticles.prl
2026-03-27 11:51:01,692 - aqt.updater - INFO - updater 44460 Patching E:\Qt\6.7.3\msvc2019_64\lib\Qt6QuickParticlesd.prl
2026-03-27 11:51:01,707 - aqt.updater - INFO - updater 44460 Patching E:\Qt\6.7.3\msvc2019_64\lib\Qt6QuickShapes.prl
2026-03-27 11:51:01,716 - aqt.updater - INFO - updater 44460 Patching E:\Qt\6.7.3\msvc2019_64\lib\Qt6QuickShapesd.prl
2026-03-27 11:51:01,726 - aqt.updater - INFO - updater 44460 Patching E:\Qt\6.7.3\msvc2019_64\lib\Qt6QuickTemplates2.prl
2026-03-27 11:51:01,730 - aqt.updater - INFO - updater 44460 Patching E:\Qt\6.7.3\msvc2019_64\lib\Qt6QuickTemplates2d.prl
2026-03-27 11:51:01,745 - aqt.updater - INFO - updater 44460 Patching E:\Qt\6.7.3\msvc2019_64\lib\Qt6QuickTest.prl
2026-03-27 11:51:01,756 - aqt.updater - INFO - updater 44460 Patching E:\Qt\6.7.3\msvc2019_64\lib\Qt6QuickTestd.prl
2026-03-27 11:51:01,766 - aqt.updater - INFO - updater 44460 Patching E:\Qt\6.7.3\msvc2019_64\lib\Qt6QuickTestUtils.prl
2026-03-27 11:51:01,773 - aqt.updater - INFO - updater 44460 Patching E:\Qt\6.7.3\msvc2019_64\lib\Qt6QuickTestUtilsd.prl
2026-03-27 11:51:01,790 - aqt.updater - INFO - updater 44460 Patching E:\Qt\6.7.3\msvc2019_64\lib\Qt6QuickWidgets.prl
2026-03-27 11:51:01,798 - aqt.updater - INFO - updater 44460 Patching E:\Qt\6.7.3\msvc2019_64\lib\Qt6QuickWidgetsd.prl
2026-03-27 11:51:01,808 - aqt.updater - INFO - updater 44460 Patching E:\Qt\6.7.3\msvc2019_64\lib\Qt6Sql.prl
2026-03-27 11:51:01,817 - aqt.updater - INFO - updater 44460 Patching E:\Qt\6.7.3\msvc2019_64\lib\Qt6Sqld.prl
2026-03-27 11:51:01,827 - aqt.updater - INFO - updater 44460 Patching E:\Qt\6.7.3\msvc2019_64\lib\Qt6Svg.prl
2026-03-27 11:51:01,837 - aqt.updater - INFO - updater 44460 Patching E:\Qt\6.7.3\msvc2019_64\lib\Qt6Svgd.prl
2026-03-27 11:51:01,846 - aqt.updater - INFO - updater 44460 Patching E:\Qt\6.7.3\msvc2019_64\lib\Qt6SvgWidgets.prl
2026-03-27 11:51:01,849 - aqt.updater - INFO - updater 44460 Patching E:\Qt\6.7.3\msvc2019_64\lib\Qt6SvgWidgetsd.prl
2026-03-27 11:51:01,867 - aqt.updater - INFO - updater 44460 Patching E:\Qt\6.7.3\msvc2019_64\lib\Qt6Test.prl
2026-03-27 11:51:01,875 - aqt.updater - INFO - updater 44460 Patching E:\Qt\6.7.3\msvc2019_64\lib\Qt6Testd.prl
2026-03-27 11:51:01,887 - aqt.updater - INFO - updater 44460 Patching E:\Qt\6.7.3\msvc2019_64\lib\Qt6UiTools.prl
2026-03-27 11:51:01,897 - aqt.updater - INFO - updater 44460 Patching E:\Qt\6.7.3\msvc2019_64\lib\Qt6UiToolsd.prl
2026-03-27 11:51:01,903 - aqt.updater - INFO - updater 44460 Patching E:\Qt\6.7.3\msvc2019_64\lib\Qt6Widgets.prl
2026-03-27 11:51:01,915 - aqt.updater - INFO - updater 44460 Patching E:\Qt\6.7.3\msvc2019_64\lib\Qt6Widgetsd.prl
2026-03-27 11:51:01,924 - aqt.updater - INFO - updater 44460 Patching E:\Qt\6.7.3\msvc2019_64\lib\Qt6Xml.prl
2026-03-27 11:51:01,928 - aqt.updater - INFO - updater 44460 Patching E:\Qt\6.7.3\msvc2019_64\lib\Qt6Xmld.prl
2026-03-27 11:51:01,944 - aqt.main - INFO - installer 44460 Finished installation
2026-03-27 11:51:01,944 - aqt.main - INFO - installer 44460 Time elapsed: 65.94085510 second
